#
# There is insufficient memory for the Java Runtime Environment to continue.
# Native memory allocation (mmap) failed to map 255852544 bytes for G1 virtual space
# Possible reasons:
#   The system is out of physical RAM or swap space
#   The process is running with CompressedOops enabled, and the Java Heap may be blocking the growth of the native heap
# Possible solutions:
#   Reduce memory load on the system
#   Increase physical memory or swap space
#   Check if swap backing store is full
#   Decrease Java heap size (-Xmx/-Xms)
#   Decrease number of Java threads
#   Decrease Java thread stack sizes (-Xss)
#   Set larger code cache with -XX:ReservedCodeCacheSize=
#   JVM is running with Zero Based Compressed Oops mode in which the Java heap is
#     placed in the first 32GB address space. The Java Heap base address is the
#     maximum limit for the native heap growth. Please use -XX:HeapBaseMinAddress
#     to set the Java Heap base and to place the Java Heap above 32GB virtual address.
# This output file may be truncated or incomplete.
#
#  Out of Memory Error (os_windows.cpp:3548), pid=214388, tid=218252
#
# JRE version:  (17.0.12+8) (build )
# Java VM: Java HotSpot(TM) 64-Bit Server VM (17.0.12+8-LTS-286, mixed mode, sharing, tiered, compressed oops, compressed class ptrs, g1 gc, windows-amd64)
# No core dump will be written. Minidumps are not enabled by default on client versions of Windows
#

---------------  S U M M A R Y ------------

Command Line: 

Host: AMD Ryzen 5 7535HS with Radeon Graphics        , 12 cores, 15G,  Windows 11 , 64 bit Build 26100 (10.0.26100.2454)
Time: Thu Dec 19 20:56:41 2024 SE Asia Standard Time elapsed time: 1.163715 seconds (0d 0h 0m 1s)

---------------  T H R E A D  ---------------

Current thread (0x000001e346910990):  JavaThread "Unknown thread" [_thread_in_vm, id=218252, stack(0x0000005aedb00000,0x0000005aedc00000)]

Stack: [0x0000005aedb00000,0x0000005aedc00000]
Native frames: (J=compiled Java code, j=interpreted, Vv=VM code, C=native code)
V  [jvm.dll+0x67a04a]
V  [jvm.dll+0x7da4ed]
V  [jvm.dll+0x7dbe33]
V  [jvm.dll+0x7dc4a3]
V  [jvm.dll+0x24508f]
V  [jvm.dll+0x677089]
V  [jvm.dll+0x66bd32]
V  [jvm.dll+0x301fa6]
V  [jvm.dll+0x309546]
V  [jvm.dll+0x359d2e]
V  [jvm.dll+0x359f5f]
V  [jvm.dll+0x2d9078]
V  [jvm.dll+0x2d9fe4]
V  [jvm.dll+0x7aca21]
V  [jvm.dll+0x367591]
V  [jvm.dll+0x78b999]
V  [jvm.dll+0x3ec83f]
V  [jvm.dll+0x3ee471]
C  [jli.dll+0x5297]
C  [ucrtbase.dll+0x14ea0]
C  [KERNEL32.DLL+0x2e8d7]
C  [ntdll.dll+0xdfbcc]


---------------  P R O C E S S  ---------------

Threads class SMR info:
_java_thread_list=0x00007ffafd167a18, length=0, elements={
}

Java Threads: ( => current thread )

Other Threads:
  0x000001e34697c6f0 GCTaskThread "GC Thread#0" [stack: 0x0000005aedc00000,0x0000005aedd00000] [id=218604]
  0x000001e34698d710 ConcurrentGCThread "G1 Main Marker" [stack: 0x0000005aedd00000,0x0000005aede00000] [id=198488]
  0x000001e3469907d0 ConcurrentGCThread "G1 Conc#0" [stack: 0x0000005aede00000,0x0000005aedf00000] [id=221020]

[error occurred during error reporting (printing all threads), id 0xc0000005, EXCEPTION_ACCESS_VIOLATION (0xc0000005) at pc=0x00007ffafc999b67]

VM state: not at safepoint (not fully initialized)

VM Mutex/Monitor currently owned by a thread:  ([mutex/lock_event])
[0x000001e34690fc60] Heap_lock - owner thread: 0x000001e346910990

Heap address: 0x000000070c000000, size: 3904 MB, Compressed Oops mode: Zero based, Oop shift amount: 3

CDS archive(s) mapped at: [0x0000000000000000-0x0000000000000000-0x0000000000000000), size 0, SharedBaseAddress: 0x0000000800000000, ArchiveRelocationMode: 1.
Narrow klass base: 0x0000000000000000, Narrow klass shift: 0, Narrow klass range: 0x0

GC Precious Log:
<Empty>

Heap:
 garbage-first heap   total 0K, used 0K [0x000000070c000000, 0x0000000800000000)
  region size 2048K, 0 young (0K), 0 survivors (0K)

[error occurred during error reporting (printing heap information), id 0xc0000005, EXCEPTION_ACCESS_VIOLATION (0xc0000005) at pc=0x00007ffafcd83859]

GC Heap History (0 events):
No events

Deoptimization events (0 events):
No events

Classes unloaded (0 events):
No events

Classes redefined (0 events):
No events

Internal exceptions (0 events):
No events

VM Operations (0 events):
No events

Events (1 events):
Event: 0.013 Loaded shared library C:\Program Files\Java\jdk-17\bin\java.dll


Dynamic libraries:
0x00007ff62cbb0000 - 0x00007ff62cbc0000 	C:\Program Files\Java\jdk-17\bin\java.exe
0x00007ffb81680000 - 0x00007ffb818e3000 	C:\WINDOWS\SYSTEM32\ntdll.dll
0x00007ffb80410000 - 0x00007ffb804d8000 	C:\WINDOWS\System32\KERNEL32.DLL
0x00007ffb7ef90000 - 0x00007ffb7f342000 	C:\WINDOWS\System32\KERNELBASE.dll
0x00007ffb7ea50000 - 0x00007ffb7eb9b000 	C:\WINDOWS\System32\ucrtbase.dll
0x00007ffb73aa0000 - 0x00007ffb73abb000 	C:\Program Files\Java\jdk-17\bin\VCRUNTIME140.dll
0x00007ffb78840000 - 0x00007ffb78859000 	C:\Program Files\Java\jdk-17\bin\jli.dll
0x00007ffb7fcb0000 - 0x00007ffb7fd64000 	C:\WINDOWS\System32\ADVAPI32.dll
0x00007ffb814b0000 - 0x00007ffb81559000 	C:\WINDOWS\System32\msvcrt.dll
0x00007ffb80360000 - 0x00007ffb80406000 	C:\WINDOWS\System32\sechost.dll
0x00007ffb80d40000 - 0x00007ffb80e56000 	C:\WINDOWS\System32\RPCRT4.dll
0x00007ffb81280000 - 0x00007ffb81448000 	C:\WINDOWS\System32\USER32.dll
0x00007ffb7f410000 - 0x00007ffb7f437000 	C:\WINDOWS\System32\win32u.dll
0x00007ffb65620000 - 0x00007ffb658b0000 	C:\WINDOWS\WinSxS\amd64_microsoft.windows.common-controls_6595b64144ccf1df_6.0.26100.2454_none_3e0b68a2e331ad60\COMCTL32.dll
0x00007ffb81480000 - 0x00007ffb814aa000 	C:\WINDOWS\System32\GDI32.dll
0x00007ffb7ec30000 - 0x00007ffb7ed5b000 	C:\WINDOWS\System32\gdi32full.dll
0x00007ffb7eee0000 - 0x00007ffb7ef83000 	C:\WINDOWS\System32\msvcp_win.dll
0x00007ffb75eb0000 - 0x00007ffb75ebb000 	C:\WINDOWS\SYSTEM32\VERSION.dll
0x00007ffb7fc70000 - 0x00007ffb7fc9f000 	C:\WINDOWS\System32\IMM32.DLL
0x00007ffb79b30000 - 0x00007ffb79b3c000 	C:\Program Files\Java\jdk-17\bin\vcruntime140_1.dll
0x00007ffb66cd0000 - 0x00007ffb66d5e000 	C:\Program Files\Java\jdk-17\bin\msvcp140.dll
0x00007ffafc6b0000 - 0x00007ffafd290000 	C:\Program Files\Java\jdk-17\bin\server\jvm.dll
0x00007ffb810e0000 - 0x00007ffb810e8000 	C:\WINDOWS\System32\PSAPI.DLL
0x00007ffb6b850000 - 0x00007ffb6b886000 	C:\WINDOWS\SYSTEM32\WINMM.dll
0x00007ffb69130000 - 0x00007ffb6913a000 	C:\WINDOWS\SYSTEM32\WSOCK32.dll
0x00007ffb811e0000 - 0x00007ffb81254000 	C:\WINDOWS\System32\WS2_32.dll
0x00007ffb7d9a0000 - 0x00007ffb7d9ba000 	C:\WINDOWS\SYSTEM32\kernel.appcore.dll
0x00007ffb73db0000 - 0x00007ffb73dba000 	C:\Program Files\Java\jdk-17\bin\jimage.dll
0x00007ffb7c270000 - 0x00007ffb7c4b1000 	C:\WINDOWS\SYSTEM32\DBGHELP.DLL
0x00007ffb7ffd0000 - 0x00007ffb8034e000 	C:\WINDOWS\System32\combase.dll
0x00007ffb81560000 - 0x00007ffb81636000 	C:\WINDOWS\System32\OLEAUT32.dll
0x00007ffb5ecd0000 - 0x00007ffb5ed09000 	C:\WINDOWS\SYSTEM32\dbgcore.DLL
0x00007ffb7f440000 - 0x00007ffb7f4d9000 	C:\WINDOWS\System32\bcryptPrimitives.dll
0x00007ffb6ad30000 - 0x00007ffb6ad55000 	C:\Program Files\Java\jdk-17\bin\java.dll

dbghelp: loaded successfully - version: 4.0.5 - missing functions: none
symbol engine: initialized successfully - sym options: 0x614 - pdb path: .;C:\Program Files\Java\jdk-17\bin;C:\WINDOWS\SYSTEM32;C:\WINDOWS\WinSxS\amd64_microsoft.windows.common-controls_6595b64144ccf1df_6.0.26100.2454_none_3e0b68a2e331ad60;C:\Program Files\Java\jdk-17\bin\server

VM Arguments:
java_command: <unknown>
java_class_path (initial): <not set>
Launcher Type: SUN_STANDARD

[Global flags]
     intx CICompilerCount                          = 4                                         {product} {ergonomic}
     uint ConcGCThreads                            = 3                                         {product} {ergonomic}
     uint G1ConcRefinementThreads                  = 10                                        {product} {ergonomic}
   size_t G1HeapRegionSize                         = 2097152                                   {product} {ergonomic}
    uintx GCDrainStackTargetSize                   = 64                                        {product} {ergonomic}
   size_t InitialHeapSize                          = 255852544                                 {product} {ergonomic}
   size_t MarkStackSize                            = 4194304                                   {product} {ergonomic}
   size_t MaxHeapSize                              = 4093640704                                {product} {ergonomic}
   size_t MinHeapDeltaBytes                        = 2097152                                   {product} {ergonomic}
   size_t MinHeapSize                              = 8388608                                   {product} {ergonomic}
    uintx NonNMethodCodeHeapSize                   = 5839372                                {pd product} {ergonomic}
    uintx NonProfiledCodeHeapSize                  = 122909434                              {pd product} {ergonomic}
    uintx ProfiledCodeHeapSize                     = 122909434                              {pd product} {ergonomic}
    uintx ReservedCodeCacheSize                    = 251658240                              {pd product} {ergonomic}
     bool SegmentedCodeCache                       = true                                      {product} {ergonomic}
   size_t SoftMaxHeapSize                          = 4093640704                             {manageable} {ergonomic}
     bool UseCompressedClassPointers               = true                           {product lp64_product} {ergonomic}
     bool UseCompressedOops                        = true                           {product lp64_product} {ergonomic}
     bool UseG1GC                                  = true                                      {product} {ergonomic}
     bool UseLargePagesIndividualAllocation        = false                                  {pd product} {ergonomic}

Logging:
Log output configuration:
 #0: stdout all=warning uptime,level,tags
 #1: stderr all=off uptime,level,tags

Environment Variables:
PATH=D:\my-video-streaming-app-ui\video_streaming_app_ui\node_modules\.bin;D:\my-video-streaming-app-ui\video_streaming_app_ui\node_modules\.bin;D:\my-video-streaming-app-ui\node_modules\.bin;D:\node_modules\.bin;C:\Program Files\nodejs\node_modules\npm\node_modules\@npmcli\run-script\lib\node-gyp-bin;D:\my-video-streaming-app-ui\video_streaming_app_ui\node_modules\.bin;D:\my-video-streaming-app-ui\video_streaming_app_ui\node_modules\.bin;D:\my-video-streaming-app-ui\node_modules\.bin;D:\node_modules\.bin;C:\Program Files\nodejs\node_modules\npm\node_modules\@npmcli\run-script\lib\node-gyp-bin;C:\Program Files\Common Files\Oracle\Java\javapath;C:\WINDOWS\system32;C:\WINDOWS;C:\WINDOWS\System32\Wbem;C:\WINDOWS\System32\WindowsPowerShell\v1.0\;C:\WINDOWS\System32\OpenSSH\;C:\Program Files\dotnet\;C:\Program Files\Git\cmd;C:\Program Files\nodejs\;C:\Program Files\Java\jdk-17;C:\Users\Nguyen Tuan\AppData\Local\Android\Sdk\platform-tools;;C:\Program Files\Docker\Docker\resources\bin;C:\Program Files\NVIDIA Corporation\NVIDIA app\NvDLISR;C:\Program Files (x86)\NVIDIA Corporation\PhysX\Common;C:\Users\Nguyen Tuan\AppData\Local\Microsoft\WindowsApps;C:\Users\Nguyen Tuan\AppData\Roaming\npm;C:\Program Files\nodejs\;C:\Program Files\Java\jdk-17;C:\Users\Nguyen Tuan\AppData\Local\Programs\Microsoft VS Code\bin
USERNAME=Nguyen Tuan
LANG=en_US.UTF-8
OS=Windows_NT
PROCESSOR_IDENTIFIER=AMD64 Family 25 Model 68 Stepping 1, AuthenticAMD



---------------  S Y S T E M  ---------------

OS:
 Windows 11 , 64 bit Build 26100 (10.0.26100.2454)
OS uptime: 2 days 3:17 hours
Hyper-V role detected

CPU: total 12 (initial active 12) (12 cores per cpu, 2 threads per core) family 25 model 68 stepping 1 microcode 0xa404102, cx8, cmov, fxsr, ht, mmx, 3dnowpref, sse, sse2, sse3, ssse3, sse4a, sse4.1, sse4.2, popcnt, lzcnt, tsc, tscinvbit, avx, avx2, aes, erms, clmul, bmi1, bmi2, adx, sha, fma, vzeroupper, clflush, clflushopt, hv

Memory: 4k page, system-wide physical 15611M (488M free)
TotalPageFile size 41780M (AvailPageFile size 84M)
current process WorkingSet (physical memory assigned to process): 12M, peak: 12M
current process commit charge ("private bytes"): 64M, peak: 308M

vm_info: Java HotSpot(TM) 64-Bit Server VM (17.0.12+8-LTS-286) for windows-amd64 JRE (17.0.12+8-LTS-286), built on Jun  5 2024 06:46:59 by "mach5one" with MS VC++ 17.6 (VS2022)

END.
