#
# There is insufficient memory for the Java Runtime Environment to continue.
# Native memory allocation (mmap) failed to map 255852544 bytes for G1 virtual space
# Possible reasons:
#   The system is out of physical RAM or swap space
#   The process is running with CompressedOops enabled, and the Java Heap may be blocking the growth of the native heap
# Possible solutions:
#   Reduce memory load on the system
#   Increase physical memory or swap space
#   Check if swap backing store is full
#   Decrease Java heap size (-Xmx/-Xms)
#   Decrease number of Java threads
#   Decrease Java thread stack sizes (-Xss)
#   Set larger code cache with -XX:ReservedCodeCacheSize=
#   JVM is running with Zero Based Compressed Oops mode in which the Java heap is
#     placed in the first 32GB address space. The Java Heap base address is the
#     maximum limit for the native heap growth. Please use -XX:HeapBaseMinAddress
#     to set the Java Heap base and to place the Java Heap above 32GB virtual address.
# This output file may be truncated or incomplete.
#
#  Out of Memory Error (os_windows.cpp:3548), pid=23768, tid=45504
#
# JRE version:  (17.0.12+8) (build )
# Java VM: Java HotSpot(TM) 64-Bit Server VM (17.0.12+8-LTS-286, mixed mode, sharing, tiered, compressed oops, compressed class ptrs, g1 gc, windows-amd64)
# No core dump will be written. Minidumps are not enabled by default on client versions of Windows
#

---------------  S U M M A R Y ------------

Command Line: 

Host: AMD Ryzen 5 7535HS with Radeon Graphics        , 12 cores, 15G,  Windows 11 , 64 bit Build 26100 (10.0.26100.2454)
Time: Fri Dec 20 19:09:55 2024 SE Asia Standard Time elapsed time: 1.057287 seconds (0d 0h 0m 1s)

---------------  T H R E A D  ---------------

Current thread (0x00000222cc9017a0):  JavaThread "Unknown thread" [_thread_in_vm, id=45504, stack(0x000000a356100000,0x000000a356200000)]

Stack: [0x000000a356100000,0x000000a356200000]
Native frames: (J=compiled Java code, j=interpreted, Vv=VM code, C=native code)
V  [jvm.dll+0x67a04a]
V  [jvm.dll+0x7da4ed]
V  [jvm.dll+0x7dbe33]
V  [jvm.dll+0x7dc4a3]
V  [jvm.dll+0x24508f]
V  [jvm.dll+0x677089]
V  [jvm.dll+0x66bd32]
V  [jvm.dll+0x301fa6]
V  [jvm.dll+0x309546]
V  [jvm.dll+0x359d2e]
V  [jvm.dll+0x359f5f]
V  [jvm.dll+0x2d9078]
V  [jvm.dll+0x2d9fe4]
V  [jvm.dll+0x7aca21]
V  [jvm.dll+0x367591]
V  [jvm.dll+0x78b999]
V  [jvm.dll+0x3ec83f]
V  [jvm.dll+0x3ee471]
C  [jli.dll+0x5297]
C  [ucrtbase.dll+0x14ea0]
C  [KERNEL32.DLL+0x2e8d7]
C  [ntdll.dll+0xdfbcc]


---------------  P R O C E S S  ---------------

Threads class SMR info:
_java_thread_list=0x00007ff9003e7a18, length=0, elements={
}

Java Threads: ( => current thread )

Other Threads:
  0x00000222cc96ce30 GCTaskThread "GC Thread#0" [stack: 0x000000a356200000,0x000000a356300000] [id=55940]
  0x00000222cc97d180 ConcurrentGCThread "G1 Main Marker" [stack: 0x000000a356300000,0x000000a356400000] [id=55896]
  0x00000222cc980770 ConcurrentGCThread "G1 Conc#0" [stack: 0x000000a356400000,0x000000a356500000] [id=53972]

[error occurred during error reporting (printing all threads), id 0xc0000005, EXCEPTION_ACCESS_VIOLATION (0xc0000005) at pc=0x00007ff8ffc19b67]

VM state: not at safepoint (not fully initialized)

VM Mutex/Monitor currently owned by a thread:  ([mutex/lock_event])
[0x00000222cc8ff1d0] Heap_lock - owner thread: 0x00000222cc9017a0

Heap address: 0x000000070c000000, size: 3904 MB, Compressed Oops mode: Zero based, Oop shift amount: 3

CDS archive(s) mapped at: [0x0000000000000000-0x0000000000000000-0x0000000000000000), size 0, SharedBaseAddress: 0x0000000800000000, ArchiveRelocationMode: 1.
Narrow klass base: 0x0000000000000000, Narrow klass shift: 0, Narrow klass range: 0x0

GC Precious Log:
<Empty>

Heap:
 garbage-first heap   total 0K, used 0K [0x000000070c000000, 0x0000000800000000)
  region size 2048K, 0 young (0K), 0 survivors (0K)

[error occurred during error reporting (printing heap information), id 0xc0000005, EXCEPTION_ACCESS_VIOLATION (0xc0000005) at pc=0x00007ff900003859]

GC Heap History (0 events):
No events

Deoptimization events (0 events):
No events

Classes unloaded (0 events):
No events

Classes redefined (0 events):
No events

Internal exceptions (0 events):
No events

VM Operations (0 events):
No events

Events (1 events):
Event: 0.011 Loaded shared library C:\Program Files\Java\jdk-17\bin\java.dll


Dynamic libraries:
0x00007ff647d10000 - 0x00007ff647d20000 	C:\Program Files\Java\jdk-17\bin\java.exe
0x00007ff9b33a0000 - 0x00007ff9b3603000 	C:\WINDOWS\SYSTEM32\ntdll.dll
0x00007ff9b1c10000 - 0x00007ff9b1cd8000 	C:\WINDOWS\System32\KERNEL32.DLL
0x00007ff9b0d10000 - 0x00007ff9b10c2000 	C:\WINDOWS\System32\KERNELBASE.dll
0x00007ff9b0850000 - 0x00007ff9b099b000 	C:\WINDOWS\System32\ucrtbase.dll
0x00007ff996340000 - 0x00007ff99635b000 	C:\Program Files\Java\jdk-17\bin\VCRUNTIME140.dll
0x00007ff996360000 - 0x00007ff996379000 	C:\Program Files\Java\jdk-17\bin\jli.dll
0x00007ff9b2c00000 - 0x00007ff9b2cb4000 	C:\WINDOWS\System32\ADVAPI32.dll
0x00007ff9b17b0000 - 0x00007ff9b1859000 	C:\WINDOWS\System32\msvcrt.dll
0x00007ff9b1d50000 - 0x00007ff9b1df6000 	C:\WINDOWS\System32\sechost.dll
0x00007ff9b15d0000 - 0x00007ff9b16e6000 	C:\WINDOWS\System32\RPCRT4.dll
0x00007ff9b1320000 - 0x00007ff9b14e8000 	C:\WINDOWS\System32\USER32.dll
0x00007ff9b0820000 - 0x00007ff9b0847000 	C:\WINDOWS\System32\win32u.dll
0x00007ff996d80000 - 0x00007ff997010000 	C:\WINDOWS\WinSxS\amd64_microsoft.windows.common-controls_6595b64144ccf1df_6.0.26100.2454_none_3e0b68a2e331ad60\COMCTL32.dll
0x00007ff9b1870000 - 0x00007ff9b189a000 	C:\WINDOWS\System32\GDI32.dll
0x00007ff9b0b20000 - 0x00007ff9b0c4b000 	C:\WINDOWS\System32\gdi32full.dll
0x00007ff9b0770000 - 0x00007ff9b0813000 	C:\WINDOWS\System32\msvcp_win.dll
0x00007ff9a7820000 - 0x00007ff9a782b000 	C:\WINDOWS\SYSTEM32\VERSION.dll
0x00007ff9b3150000 - 0x00007ff9b317f000 	C:\WINDOWS\System32\IMM32.DLL
0x00007ff9a7ab0000 - 0x00007ff9a7abc000 	C:\Program Files\Java\jdk-17\bin\vcruntime140_1.dll
0x00007ff966fd0000 - 0x00007ff96705e000 	C:\Program Files\Java\jdk-17\bin\msvcp140.dll
0x00007ff8ff930000 - 0x00007ff900510000 	C:\Program Files\Java\jdk-17\bin\server\jvm.dll
0x00007ff9b16f0000 - 0x00007ff9b16f8000 	C:\WINDOWS\System32\PSAPI.DLL
0x00007ff99df10000 - 0x00007ff99df46000 	C:\WINDOWS\SYSTEM32\WINMM.dll
0x00007ff9962a0000 - 0x00007ff9962aa000 	C:\WINDOWS\SYSTEM32\WSOCK32.dll
0x00007ff9b2620000 - 0x00007ff9b2694000 	C:\WINDOWS\System32\WS2_32.dll
0x00007ff9af6c0000 - 0x00007ff9af6da000 	C:\WINDOWS\SYSTEM32\kernel.appcore.dll
0x00007ff994e40000 - 0x00007ff994e4a000 	C:\Program Files\Java\jdk-17\bin\jimage.dll
0x00007ff9ae020000 - 0x00007ff9ae261000 	C:\WINDOWS\SYSTEM32\DBGHELP.DLL
0x00007ff9b2780000 - 0x00007ff9b2afe000 	C:\WINDOWS\System32\combase.dll
0x00007ff9b14f0000 - 0x00007ff9b15c6000 	C:\WINDOWS\System32\OLEAUT32.dll
0x00007ff98ec60000 - 0x00007ff98ec99000 	C:\WINDOWS\SYSTEM32\dbgcore.DLL
0x00007ff9b1160000 - 0x00007ff9b11f9000 	C:\WINDOWS\System32\bcryptPrimitives.dll
0x00007ff9942e0000 - 0x00007ff994305000 	C:\Program Files\Java\jdk-17\bin\java.dll

dbghelp: loaded successfully - version: 4.0.5 - missing functions: none
symbol engine: initialized successfully - sym options: 0x614 - pdb path: .;C:\Program Files\Java\jdk-17\bin;C:\WINDOWS\SYSTEM32;C:\WINDOWS\WinSxS\amd64_microsoft.windows.common-controls_6595b64144ccf1df_6.0.26100.2454_none_3e0b68a2e331ad60;C:\Program Files\Java\jdk-17\bin\server

VM Arguments:
java_command: <unknown>
java_class_path (initial): <not set>
Launcher Type: SUN_STANDARD

[Global flags]
     intx CICompilerCount                          = 4                                         {product} {ergonomic}
     uint ConcGCThreads                            = 3                                         {product} {ergonomic}
     uint G1ConcRefinementThreads                  = 10                                        {product} {ergonomic}
   size_t G1HeapRegionSize                         = 2097152                                   {product} {ergonomic}
    uintx GCDrainStackTargetSize                   = 64                                        {product} {ergonomic}
   size_t InitialHeapSize                          = 255852544                                 {product} {ergonomic}
   size_t MarkStackSize                            = 4194304                                   {product} {ergonomic}
   size_t MaxHeapSize                              = 4093640704                                {product} {ergonomic}
   size_t MinHeapDeltaBytes                        = 2097152                                   {product} {ergonomic}
   size_t MinHeapSize                              = 8388608                                   {product} {ergonomic}
    uintx NonNMethodCodeHeapSize                   = 5839372                                {pd product} {ergonomic}
    uintx NonProfiledCodeHeapSize                  = 122909434                              {pd product} {ergonomic}
    uintx ProfiledCodeHeapSize                     = 122909434                              {pd product} {ergonomic}
    uintx ReservedCodeCacheSize                    = 251658240                              {pd product} {ergonomic}
     bool SegmentedCodeCache                       = true                                      {product} {ergonomic}
   size_t SoftMaxHeapSize                          = 4093640704                             {manageable} {ergonomic}
     bool UseCompressedClassPointers               = true                           {product lp64_product} {ergonomic}
     bool UseCompressedOops                        = true                           {product lp64_product} {ergonomic}
     bool UseG1GC                                  = true                                      {product} {ergonomic}
     bool UseLargePagesIndividualAllocation        = false                                  {pd product} {ergonomic}

Logging:
Log output configuration:
 #0: stdout all=warning uptime,level,tags
 #1: stderr all=off uptime,level,tags

Environment Variables:
PATH=D:\my-video-streaming-app-ui\video_streaming_app_ui\node_modules\.bin;D:\my-video-streaming-app-ui\video_streaming_app_ui\node_modules\.bin;D:\my-video-streaming-app-ui\node_modules\.bin;D:\node_modules\.bin;C:\Program Files\nodejs\node_modules\npm\node_modules\@npmcli\run-script\lib\node-gyp-bin;D:\my-video-streaming-app-ui\video_streaming_app_ui\node_modules\.bin;D:\my-video-streaming-app-ui\video_streaming_app_ui\node_modules\.bin;D:\my-video-streaming-app-ui\node_modules\.bin;D:\node_modules\.bin;C:\Program Files\nodejs\node_modules\npm\node_modules\@npmcli\run-script\lib\node-gyp-bin;C:\Program Files\Google\Chrome\Application;C:\Program Files\Common Files\Oracle\Java\javapath;C:\WINDOWS\system32;C:\WINDOWS;C:\WINDOWS\System32\Wbem;C:\WINDOWS\System32\WindowsPowerShell\v1.0\;C:\WINDOWS\System32\OpenSSH\;C:\Program Files\dotnet\;C:\Program Files\Git\cmd;C:\Program Files\nodejs\;C:\Program Files\Java\jdk-17;C:\Users\Nguyen Tuan\AppData\Local\Android\Sdk\platform-tools;;C:\Program Files\Docker\Docker\resources\bin;C:\Program Files\NVIDIA Corporation\NVIDIA app\NvDLISR;C:\Program Files (x86)\NVIDIA Corporation\PhysX\Common;C:\Users\Nguyen Tuan\AppData\Local\Microsoft\WindowsApps;C:\Users\Nguyen Tuan\AppData\Roaming\npm;C:\Program Files\nodejs\;C:\Program Files\Java\jdk-17;C:\Users\Nguyen Tuan\AppData\Local\Programs\Microsoft VS Code\bin
USERNAME=Nguyen Tuan
LANG=en_US.UTF-8
OS=Windows_NT
PROCESSOR_IDENTIFIER=AMD64 Family 25 Model 68 Stepping 1, AuthenticAMD



---------------  S Y S T E M  ---------------

OS:
 Windows 11 , 64 bit Build 26100 (10.0.26100.2454)
OS uptime: 0 days 5:57 hours
Hyper-V role detected

CPU: total 12 (initial active 12) (12 cores per cpu, 2 threads per core) family 25 model 68 stepping 1 microcode 0xa404102, cx8, cmov, fxsr, ht, mmx, 3dnowpref, sse, sse2, sse3, ssse3, sse4a, sse4.1, sse4.2, popcnt, lzcnt, tsc, tscinvbit, avx, avx2, aes, erms, clmul, bmi1, bmi2, adx, sha, fma, vzeroupper, clflush, clflushopt, hv

Memory: 4k page, system-wide physical 15611M (2653M free)
TotalPageFile size 41780M (AvailPageFile size 48M)
current process WorkingSet (physical memory assigned to process): 12M, peak: 12M
current process commit charge ("private bytes"): 64M, peak: 308M

vm_info: Java HotSpot(TM) 64-Bit Server VM (17.0.12+8-LTS-286) for windows-amd64 JRE (17.0.12+8-LTS-286), built on Jun  5 2024 06:46:59 by "mach5one" with MS VC++ 17.6 (VS2022)

END.
